<?xml version="1.0" encoding="UTF-8"?><testrun name="TestRunTest" project="EventRegistration" tests="12" started="12" failures="3" errors="0" ignored="0">
  <testsuite name="ControllerTest" time="0.113">
    <testcase name="testCreateParticipant" classname="ControllerTest" time="0.113"/>
    <testcase name="testCreateParticipantNull" classname="ControllerTest" time="0.015"/>
    <testcase name="testCreateParticipantEmpty" classname="ControllerTest" time="0.015"/>
    <testcase name="testCreateParticipantSpaces" classname="ControllerTest" time="0.02"/>
    <testcase name="testCreateEvent" classname="ControllerTest" time="0.074">
      <failure>Failed asserting that 0 matches expected 1.</failure>
    </testcase>
    <testcase name="testCreateEventNull" classname="ControllerTest" time="0.015"/>
    <testcase name="testCreateEventEmpty" classname="ControllerTest" time="0.014"/>
    <testcase name="testCreateEventSpaces" classname="ControllerTest" time="0.014"/>
    <testcase name="testCreateEventEndTimeBeforeStartTime" classname="ControllerTest" time="0.016"/>
    <testcase name="testRegister" classname="ControllerTest" time="0.051">
      <failure>Failed asserting that 0 matches expected 1.</failure>
    </testcase>
    <testcase name="testRegisterNull" classname="ControllerTest" time="0.019"/>
    <testcase name="testRegisterParticipantAndEventDoNotExist" classname="ControllerTest" time="0.057">
      <failure>Failed asserting that 0 matches expected 1.</failure>
    </testcase>
  </testsuite>
</testrun>
